[2022-03-07 19:08:02 : INFO] - Could not find file for image: ID=771, file=C:\Sites\timcsf_2022\public/wp-content/uploads/2022/03/michel_veillette_2.jpg 
[2022-03-07 19:08:02 : INFO] - Could not find file for image: ID=772, file=C:\Sites\timcsf_2022\public/wp-content/uploads/2022/03/nicolas_thibault_1.jpg 
[2022-03-07 19:08:02 : INFO] - Could not find file for image: ID=770, file=C:\Sites\timcsf_2022\public/wp-content/uploads/2022/03/michel_veillette_1.jpg 
[2022-03-07 19:08:02 : INFO] - Could not find file for image: ID=769, file=C:\Sites\timcsf_2022\public/wp-content/uploads/2022/03/mateo_suslu_2.jpg 
[2022-03-07 19:08:02 : INFO] - Could not find file for image: ID=768, file=C:\Sites\timcsf_2022\public/wp-content/uploads/2022/03/mateo_suslu_1.jpg 
[2022-03-07 19:08:02 : INFO] - Could not find file for image: ID=767, file=C:\Sites\timcsf_2022\public/wp-content/uploads/2022/03/louis_pouliot_2.jpg 
[2022-03-07 19:08:02 : INFO] - Could not find file for image: ID=766, file=C:\Sites\timcsf_2022\public/wp-content/uploads/2022/03/louis_pouliot_1.jpg 
[2022-03-07 19:08:02 : INFO] - Could not find file for image: ID=765, file=C:\Sites\timcsf_2022\public/wp-content/uploads/2022/03/keven_boutet_drouin_2.jpg 
[2022-03-07 19:08:02 : INFO] - Could not find file for image: ID=764, file=C:\Sites\timcsf_2022\public/wp-content/uploads/2022/03/keven_boutet_drouin_1.jpg 
[2022-03-07 19:08:02 : INFO] - Could not find file for image: ID=762, file=C:\Sites\timcsf_2022\public/wp-content/uploads/2022/03/jonathan_sagnard_1.jpg 
[2022-03-07 19:08:02 : INFO] - Could not find file for image: ID=763, file=C:\Sites\timcsf_2022\public/wp-content/uploads/2022/03/jonathan_sagnard_2.jpg 
[2022-03-07 19:08:02 : INFO] - Could not find file for image: ID=761, file=C:\Sites\timcsf_2022\public/wp-content/uploads/2022/03/hugues_le_moyne_2.jpg 
[2022-03-07 19:08:02 : INFO] - Could not find file for image: ID=760, file=C:\Sites\timcsf_2022\public/wp-content/uploads/2022/03/hugues_le_moyne_1.jpg 
[2022-03-07 19:08:02 : INFO] - Could not find file for image: ID=758, file=C:\Sites\timcsf_2022\public/wp-content/uploads/2022/03/gilyann_padre_1.jpg 
[2022-03-07 19:08:02 : INFO] - Could not find file for image: ID=759, file=C:\Sites\timcsf_2022\public/wp-content/uploads/2022/03/gilyann_padre_2.jpg 
[2022-03-07 19:08:02 : INFO] - Could not find file for image: ID=757, file=C:\Sites\timcsf_2022\public/wp-content/uploads/2022/03/gabriel_lavoie_2.jpg 
[2022-03-07 19:08:02 : INFO] - Could not find file for image: ID=756, file=C:\Sites\timcsf_2022\public/wp-content/uploads/2022/03/gabriel_lavoie_1.jpg 
[2022-03-07 19:08:02 : INFO] - Could not find file for image: ID=754, file=C:\Sites\timcsf_2022\public/wp-content/uploads/2022/03/gabriel_caron_1.jpg 
[2022-03-07 19:08:02 : INFO] - Could not find file for image: ID=755, file=C:\Sites\timcsf_2022\public/wp-content/uploads/2022/03/gabriel_caron_2.jpg 
[2022-03-07 19:08:02 : INFO] - Could not find file for image: ID=753, file=C:\Sites\timcsf_2022\public/wp-content/uploads/2022/03/eliane_gosselin_2.jpg 
[2022-03-07 19:08:02 : INFO] - Could not find file for image: ID=752, file=C:\Sites\timcsf_2022\public/wp-content/uploads/2022/03/eliane_gosselin_1.jpg 
[2022-03-07 19:08:02 : INFO] - Could not find file for image: ID=750, file=C:\Sites\timcsf_2022\public/wp-content/uploads/2022/03/ariane_paquet_1.jpg 
[2022-03-07 19:08:02 : INFO] - Could not find file for image: ID=751, file=C:\Sites\timcsf_2022\public/wp-content/uploads/2022/03/ariane_paquet_2.jpg 
[2022-03-07 19:08:02 : INFO] - Could not find file for image: ID=749, file=C:\Sites\timcsf_2022\public/wp-content/uploads/2022/03/antoine_godbout_2.jpg 
[2022-03-07 19:08:02 : INFO] - Could not find file for image: ID=748, file=C:\Sites\timcsf_2022\public/wp-content/uploads/2022/03/antoine_godbout_1.jpg 
[2022-03-07 19:08:02 : INFO] - Could not find file for image: ID=746, file=C:\Sites\timcsf_2022\public/wp-content/uploads/2022/03/alexandre_michaud_1.jpg 
[2022-03-07 19:08:02 : INFO] - Could not find file for image: ID=747, file=C:\Sites\timcsf_2022\public/wp-content/uploads/2022/03/alexandre_michaud_2.jpg 
[2022-03-07 19:08:02 : INFO] - Could not find file for image: ID=745, file=C:\Sites\timcsf_2022\public/wp-content/uploads/2022/03/nicolas_thibault_2.jpg 
